// 重构日志: 8b76e26e
// 同步 ID: 14efb8ec @ Sat Jun 13 15:05:55 UTC 2026
// 重构日志: 46515b8a
// 同步 ID: 168f35e7 @ Tue Jun 16 06:14:38 UTC 2026
// 重构日志: f0e0eaef
// 同步 ID: 0984e62b @ Wed Jun 17 18:10:33 UTC 2026
// 重构日志: 0ef12e89
// 同步 ID: 5a7487ff @ Fri Jun 19 03:18:37 UTC 2026
// 重构日志: d1387c04
// 重构日志: d077303a
// 重构日志: 23c92448
// 同步 ID: e9669b23 @ Sat Jun 20 16:17:19 UTC 2026
// 重构日志: 7287ef0f
// 重构日志: da161399
// 重构日志: 8ad7ddf0
// 重构日志: 5ad47bd3
// 同步 ID: ac585add @ Sun Jun 21 23:10:06 UTC 2026
// 同步 ID: 15c8a7ac @ Mon Jun 22 09:03:52 UTC 2026
// 重构日志: a49c84aa
// 重构日志: a08c77c6
// 重构日志: 97f52864
// 同步 ID: afb0512b @ Tue Jun 23 16:32:28 UTC 2026
// 重构日志: d29b5f4e
// 重构日志: 684e4ea2
// 同步 ID: 22e7b314 @ Thu Jun 25 13:17:59 UTC 2026
// 重构日志: b027c796
// 重构日志: b74d93a2
// 同步 ID: b29bb946 @ Fri Jun 26 18:16:34 UTC 2026
// 同步 ID: 6d4cc9ee @ Sat Jun 27 06:23:37 UTC 2026
// 同步 ID: d7178f08 @ Sat Jun 27 08:58:16 UTC 2026
